<?xml version="1.0" encoding="UTF-8"?>
<testsuite xmlns:xsi="http://www.w3.org/2001/XMLSchema-instance" xsi:noNamespaceSchemaLocation="https://maven.apache.org/surefire/maven-surefire-plugin/xsd/surefire-test-report-3.0.xsd" version="3.0" name="Page navigation links" time="20.498" tests="2" errors="1" skipped="0" failures="0">
  <properties>
[...]
</properties>
  <testcase name="Go to users page" classname="Page navigation links" time="17.076">
    <error message="Expected condition failed: waiting for visibility of Proxy element for: DefaultElementLocator &apos;By.xpath: //span[@class=&apos;title&apos;][.=&apos;Dashboard&apos;]&apos; (tried for 5 second(s) with 500 milliseconds interval)" type="org.openqa.selenium.TimeoutException"><![CDATA[org.openqa.selenium.TimeoutException: Expected condition failed: waiting for visibility of Proxy element for: DefaultElementLocator 'By.xpath: //span[@class='title'][.='Dashboard']' (tried for 5 second(s) with 500 milliseconds interval)
Caused by: org.openqa.selenium.NoSuchElementException: 
no such element: Unable to locate element: {"method":"xpath","selector":"//span[@class='title'][.='Dashboard']"}
  (Session info: chrome=86.0.4240.111)
For documentation on this error, please visit: https://www.seleniumhq.org/exceptions/no_such_element.html
Build info: version: '3.141.59', revision: 'e82be7d358', time: '2018-11-14T08:17:03'
System info: host: 'MacBook-Pro.local', ip: '2601:154:8200:1580:0:0:0:a14e%en0', os.name: 'Mac OS X', os.arch: 'x86_64', os.version: '10.15.7', java.version: '12.0.2'
Driver info: org.openqa.selenium.chrome.ChromeDriver
Capabilities {acceptInsecureCerts: false, browserName: chrome, browserVersion: 86.0.4240.111, chrome: {chromedriverVersion: 86.0.4240.22 (398b0743353ff..., userDataDir: /var/folders/mz/pvh9dsc53c1...}, goog:chromeOptions: {debuggerAddress: localhost:58126}, javascriptEnabled: true, networkConnectionEnabled: false, pageLoadStrategy: normal, platform: MAC, platformName: MAC, proxy: Proxy(), setWindowRect: true, strictFileInteractability: false, timeouts: {implicit: 0, pageLoad: 300000, script: 30000}, unhandledPromptBehavior: dismiss and notify, webauthn:virtualAuthenticators: true}
Session ID: 46d8a7d56612f7d3d3560612752457a6
*** Element info: {Using=xpath, value=//span[@class='title'][.='Dashboard']}
]]></error>
    <system-out><![CDATA[

&amp#27;[31mFailed scenarios:&amp#27;[0m


&amp#27;[31mfile:///Users/furkancicek/IdeaProjects/JavaProgrammingB15VA/cucumber-review/src/test/resources/features/PageNavigation2.feature:9&amp#27;[0m
# Go to users page




8
 Scenarios (
&amp#27;[31m1 failed&amp#27;[0m
, 
&amp#27;[32m7 passed&amp#27;[0m
)


32
 Steps (
&amp#27;[31m1 failed&amp#27;[0m
, 
&amp#27;[36m1 skipped&amp#27;[0m
, 
&amp#27;[32m30 passed&amp#27;[0m
)


0m
20.504s






org.openqa.selenium.TimeoutException: Expected condition failed: waiting for visibility of Proxy element for: DefaultElementLocator 'By.xpath: //span[@class='title'][.='Dashboard']' (tried for 5 second(s) with 500 milliseconds interval)


	at org.openqa.selenium.support.ui.WebDriverWait.timeoutException(WebDriverWait.java:95)


	at org.openqa.selenium.support.ui.FluentWait.until(FluentWait.java:272)


	at com.review.library.step_defs.PageNavigationStepDefs.iClickOnLink(PageNavigationStepDefs.java:20)


	at ✽.I click on "Users" link(file:///Users/furkancicek/IdeaProjects/JavaProgrammingB15VA/cucumber-review/src/test/resources/features/PageNavigation2.feature:10)


Caused by: org.openqa.selenium.NoSuchElementException: no such element: Unable to locate element: {"method":"xpath","selector":"//span[@class='title'][.='Dashboard']"}
  (Session info: chrome=86.0.4240.111)
For documentation on this error, please visit: https://www.seleniumhq.org/exceptions/no_such_element.html
Build info: version: '3.141.59', revision: 'e82be7d358', time: '2018-11-14T08:17:03'
System info: host: 'MacBook-Pro.local', ip: '2601:154:8200:1580:0:0:0:a14e%en0', os.name: 'Mac OS X', os.arch: 'x86_64', os.version: '10.15.7', java.version: '12.0.2'
Driver info: org.openqa.selenium.chrome.ChromeDriver
Capabilities {acceptInsecureCerts: false, browserName: chrome, browserVersion: 86.0.4240.111, chrome: {chromedriverVersion: 86.0.4240.22 (398b0743353ff..., userDataDir: /var/folders/mz/pvh9dsc53c1...}, goog:chromeOptions: {debuggerAddress: localhost:58126}, javascriptEnabled: true, networkConnectionEnabled: false, pageLoadStrategy: normal, platform: MAC, platformName: MAC, proxy: Proxy(), setWindowRect: true, strictFileInteractability: false, timeouts: {implicit: 0, pageLoad: 300000, script: 30000}, unhandledPromptBehavior: dismiss and notify, webauthn:virtualAuthenticators: true}
Session ID: 46d8a7d56612f7d3d3560612752457a6
*** Element info: {Using=xpath, value=//span[@class='title'][.='Dashboard']}


	at java.base/jdk.internal.reflect.NativeConstructorAccessorImpl.newInstance0(Native Method)


	at java.base/jdk.internal.reflect.NativeConstructorAccessorImpl.newInstance(NativeConstructorAccessorImpl.java:62)


	at java.base/jdk.internal.reflect.DelegatingConstructorAccessorImpl.newInstance(DelegatingConstructorAccessorImpl.java:45)


	at java.base/java.lang.reflect.Constructor.newInstanceWithCaller(Constructor.java:500)


	at java.base/java.lang.reflect.Constructor.newInstance(Constructor.java:481)


	at org.openqa.selenium.remote.http.W3CHttpResponseCodec.createException(W3CHttpResponseCodec.java:187)


	at org.openqa.selenium.remote.http.W3CHttpResponseCodec.decode(W3CHttpResponseCodec.java:122)


	at org.openqa.selenium.remote.http.W3CHttpResponseCodec.decode(W3CHttpResponseCodec.java:49)


	at org.openqa.selenium.remote.HttpCommandExecutor.execute(HttpCommandExecutor.java:158)


	at org.openqa.selenium.remote.service.DriverCommandExecutor.execute(DriverCommandExecutor.java:83)


	at org.openqa.selenium.remote.RemoteWebDriver.execute(RemoteWebDriver.java:552)


	at org.openqa.selenium.remote.RemoteWebDriver.findElement(RemoteWebDriver.java:323)


	at org.openqa.selenium.remote.RemoteWebDriver.findElementByXPath(RemoteWebDriver.java:428)


	at org.openqa.selenium.By$ByXPath.findElement(By.java:353)


	at org.openqa.selenium.remote.RemoteWebDriver.findElement(RemoteWebDriver.java:315)


	at org.openqa.selenium.support.pagefactory.DefaultElementLocator.findElement(DefaultElementLocator.java:69)


	at org.openqa.selenium.support.pagefactory.internal.LocatingElementHandler.invoke(LocatingElementHandler.java:38)


	at com.sun.proxy.$Proxy20.isDisplayed(Unknown Source)


	at org.openqa.selenium.support.ui.ExpectedConditions.elementIfVisible(ExpectedConditions.java:314)


	at org.openqa.selenium.support.ui.ExpectedConditions.access$000(ExpectedConditions.java:43)


	at org.openqa.selenium.support.ui.ExpectedConditions$10.apply(ExpectedConditions.java:300)


	at org.openqa.selenium.support.ui.ExpectedConditions$10.apply(ExpectedConditions.java:297)


	at org.openqa.selenium.support.ui.FluentWait.until(FluentWait.java:249)


	at com.review.library.step_defs.PageNavigationStepDefs.iClickOnLink(PageNavigationStepDefs.java:20)


	at java.base/jdk.internal.reflect.NativeMethodAccessorImpl.invoke0(Native Method)


	at java.base/jdk.internal.reflect.NativeMethodAccessorImpl.invoke(NativeMethodAccessorImpl.java:62)


	at java.base/jdk.internal.reflect.DelegatingMethodAccessorImpl.invoke(DelegatingMethodAccessorImpl.java:43)


	at java.base/java.lang.reflect.Method.invoke(Method.java:567)


	at io.cucumber.java.Invoker.invoke(Invoker.java:27)


	at io.cucumber.java.JavaStepDefinition.execute(JavaStepDefinition.java:27)


	at io.cucumber.core.runner.PickleStepDefinitionMatch.runStep(PickleStepDefinitionMatch.java:63)


	at io.cucumber.core.runner.TestStep.executeStep(TestStep.java:64)


	at io.cucumber.core.runner.TestStep.run(TestStep.java:49)


	at io.cucumber.core.runner.PickleStepTestStep.run(PickleStepTestStep.java:46)


	at io.cucumber.core.runner.TestCase.run(TestCase.java:51)


	at io.cucumber.core.runner.Runner.runPickle(Runner.java:67)


	at io.cucumber.junit.PickleRunners$NoStepDescriptions.run(PickleRunners.java:149)


	at io.cucumber.junit.FeatureRunner.runChild(FeatureRunner.java:83)


	at io.cucumber.junit.FeatureRunner.runChild(FeatureRunner.java:24)


	at org.junit.runners.ParentRunner$4.run(ParentRunner.java:331)


	at org.junit.runners.ParentRunner$1.schedule(ParentRunner.java:79)


	at org.junit.runners.ParentRunner.runChildren(ParentRunner.java:329)


	at org.junit.runners.ParentRunner.access$100(ParentRunner.java:66)


	at org.junit.runners.ParentRunner$2.evaluate(ParentRunner.java:293)


	at org.junit.runners.ParentRunner$3.evaluate(ParentRunner.java:306)


	at org.junit.runners.ParentRunner.run(ParentRunner.java:413)


	at io.cucumber.junit.Cucumber.runChild(Cucumber.java:185)


	at io.cucumber.junit.Cucumber.runChild(Cucumber.java:83)


	at org.junit.runners.ParentRunner$4.run(ParentRunner.java:331)


	at org.apache.maven.surefire.junitcore.pc.Scheduler$1.run(Scheduler.java:405)


	at java.base/java.util.concurrent.Executors$RunnableAdapter.call(Executors.java:515)


	at java.base/java.util.concurrent.FutureTask.run(FutureTask.java:264)


	at java.base/java.util.concurrent.ThreadPoolExecutor.runWorker(ThreadPoolExecutor.java:1128)


	at java.base/java.util.concurrent.ThreadPoolExecutor$Worker.run(ThreadPoolExecutor.java:628)


	at java.base/java.lang.Thread.run(Thread.java:835)






Login page.
Logging in as a librarian
Clicking on Users link...
Scenario's tags -> [@smoke]
Scenario's name -> Go to users page
]]></system-out>
    <system-err><![CDATA[Starting ChromeDriver 86.0.4240.22 (398b0743353ff36fb1b82468f63a3a93b4e2e89e-refs/branch-heads/4240@{#378}) on port 8385
Only local connections are allowed.
Please see https://chromedriver.chromium.org/security-considerations for suggestions on keeping ChromeDriver safe.
ChromeDriver was started successfully.
Oct 22, 2020 11:49:20 AM org.openqa.selenium.remote.ProtocolHandshake createSession
INFO: Detected dialect: W3C
]]></system-err>
  </testcase>
  <testcase name="Go to books page" classname="Page navigation links" time="3.422"/>
</testsuite>